<?xml version="1.0" encoding="UTF-8"?>
<!-- Generated by org.testng.reporters.JUnitXMLReporter -->
<testsuite hostname="mavericks.pretendco.com" name="Test" tests="3" failures="0" timestamp="14 Oct 2019 02:13:30 GMT" time="20.051" errors="0">
  <testcase name="googleTest" time="4.722" classname="tests.GoogleTest"/>
  <testcase name="calculatorTest" time="4.57" classname="tests.CalculatorTest"/>
  <testcase name="routeOneTest" time="7.569" classname="tests.RouteOneTest"/>
</testsuite> <!-- Test -->
