<?xml version="1.0" encoding="UTF-8"?>
<testng-results skipped="0" failed="0" total="3" passed="3">
  <reporter-output>
  </reporter-output>
  <suite name="Suite" duration-ms="20051" started-at="2019-10-14T02:13:10Z" finished-at="2019-10-14T02:13:30Z">
    <groups>
    </groups>
    <test name="Test" duration-ms="20051" started-at="2019-10-14T02:13:10Z" finished-at="2019-10-14T02:13:30Z">
      <class name="tests.CalculatorTest">
        <test-method status="PASS" signature="beforeTest()[pri:0, instance:tests.CalculatorTest@5702b3b1]" name="beforeTest" is-config="true" duration-ms="789" started-at="2019-10-13T22:13:16Z" finished-at="2019-10-13T22:13:17Z">
          <reporter-output>
          </reporter-output>
        </test-method> <!-- beforeTest -->
        <test-method status="PASS" signature="calculatorTest()[pri:0, instance:tests.CalculatorTest@5702b3b1]" name="calculatorTest" duration-ms="4570" started-at="2019-10-13T22:13:17Z" finished-at="2019-10-13T22:13:22Z">
          <reporter-output>
          </reporter-output>
        </test-method> <!-- calculatorTest -->
        <test-method status="PASS" signature="afterTest()[pri:0, instance:tests.CalculatorTest@5702b3b1]" name="afterTest" is-config="true" duration-ms="90" started-at="2019-10-13T22:13:22Z" finished-at="2019-10-13T22:13:22Z">
          <reporter-output>
          </reporter-output>
        </test-method> <!-- afterTest -->
      </class> <!-- tests.CalculatorTest -->
      <class name="tests.GoogleTest">
        <test-method status="PASS" signature="beforeTest()[pri:0, instance:tests.GoogleTest@31a5c39e]" name="beforeTest" is-config="true" duration-ms="1304" started-at="2019-10-13T22:13:10Z" finished-at="2019-10-13T22:13:12Z">
          <reporter-output>
          </reporter-output>
        </test-method> <!-- beforeTest -->
        <test-method status="PASS" signature="googleTest()[pri:0, instance:tests.GoogleTest@31a5c39e]" name="googleTest" duration-ms="4722" started-at="2019-10-13T22:13:12Z" finished-at="2019-10-13T22:13:16Z">
          <reporter-output>
          </reporter-output>
        </test-method> <!-- googleTest -->
        <test-method status="PASS" signature="afterTest()[pri:0, instance:tests.GoogleTest@31a5c39e]" name="afterTest" is-config="true" duration-ms="99" started-at="2019-10-13T22:13:16Z" finished-at="2019-10-13T22:13:16Z">
          <reporter-output>
          </reporter-output>
        </test-method> <!-- afterTest -->
      </class> <!-- tests.GoogleTest -->
      <class name="tests.RouteOneTest">
        <test-method status="PASS" signature="beforeTest()[pri:0, instance:tests.RouteOneTest@69ea3742]" name="beforeTest" is-config="true" duration-ms="786" started-at="2019-10-13T22:13:22Z" finished-at="2019-10-13T22:13:23Z">
          <reporter-output>
          </reporter-output>
        </test-method> <!-- beforeTest -->
        <test-method status="PASS" signature="routeOneTest()[pri:0, instance:tests.RouteOneTest@69ea3742]" name="routeOneTest" duration-ms="7569" started-at="2019-10-13T22:13:23Z" finished-at="2019-10-13T22:13:30Z">
          <reporter-output>
          </reporter-output>
        </test-method> <!-- routeOneTest -->
        <test-method status="PASS" signature="afterTest()[pri:0, instance:tests.RouteOneTest@69ea3742]" name="afterTest" is-config="true" duration-ms="104" started-at="2019-10-13T22:13:30Z" finished-at="2019-10-13T22:13:30Z">
          <reporter-output>
          </reporter-output>
        </test-method> <!-- afterTest -->
      </class> <!-- tests.RouteOneTest -->
    </test> <!-- Test -->
  </suite> <!-- Suite -->
</testng-results>
